<?xml version="1.0" encoding="UTF-8"?>
<!-- Generated by org.testng.reporters.JUnitXMLReporter -->
<testsuite ignored="3" hostname="Sowndarya" failures="0" tests="3" name="Test" time="135.103" errors="0" timestamp="2023-02-28T14:29:09 IST">
  <testcase classname="home_Automobile.EndToEnd" name="calculateInsurance" time="18.646"/>
  <testcase classname="home_Automobile.EndToEnd" name="calculateInsurance" time="19.081"/>
  <testcase classname="home_Automobile.EndToEnd" name="calculateInsurance" time="17.232"/>
  <testcase classname="home_Automobile.Error" name="verifyErrorMessage_EnginePerformance1" time="0.0">
    <ignored/>
  </testcase> <!-- verifyErrorMessage_EnginePerformance1 -->
  <testcase classname="home_Automobile.Error" name="verifyErrorMessage_EnginePerformance" time="0.0">
    <ignored/>
  </testcase> <!-- verifyErrorMessage_EnginePerformance -->
  <testcase classname="home_Automobile.Error" name="verifyDropDownListOptions" time="0.0">
    <ignored/>
  </testcase> <!-- verifyDropDownListOptions -->
</testsuite> <!-- Test -->
